  TriAnimation_NO9.cpp
E:\myGit\glproject\GLSL_Basic\GLSL_Basic\ObjStruct.h(80,25): warning C4244: '=': 'double'에서 'GLfloat'(으)로 변환하면서 데이터가 손실될 수 있습니다.
  (소스 파일 'TriAnimation_NO9.cpp'을(를) 컴파일하는 중)
  
E:\myGit\glproject\GLSL_Basic\GLSL_Basic\ObjStruct.h(91,1): warning C4305: '-=': 'double'에서 'GLfloat'(으)로 잘립니다.
  (소스 파일 'TriAnimation_NO9.cpp'을(를) 컴파일하는 중)
  
E:\myGit\glproject\GLSL_Basic\GLSL_Basic\ObjStruct.h(92,1): warning C4305: '-=': 'double'에서 'GLfloat'(으)로 잘립니다.
  (소스 파일 'TriAnimation_NO9.cpp'을(를) 컴파일하는 중)
  
E:\myGit\glproject\GLSL_Basic\GLSL_Basic\ObjStruct.h(100,25): warning C4244: '=': 'double'에서 'GLfloat'(으)로 변환하면서 데이터가 손실될 수 있습니다.
  (소스 파일 'TriAnimation_NO9.cpp'을(를) 컴파일하는 중)
  
E:\myGit\glproject\GLSL_Basic\GLSL_Basic\ObjStruct.h(109,25): warning C4244: '=': 'double'에서 'GLfloat'(으)로 변환하면서 데이터가 손실될 수 있습니다.
  (소스 파일 'TriAnimation_NO9.cpp'을(를) 컴파일하는 중)
  
E:\myGit\glproject\GLSL_Basic\GLSL_Basic\ObjStruct.h(113,25): warning C4244: '=': 'double'에서 'GLfloat'(으)로 변환하면서 데이터가 손실될 수 있습니다.
  (소스 파일 'TriAnimation_NO9.cpp'을(를) 컴파일하는 중)
  
E:\myGit\glproject\GLSL_Basic\GLSL_Basic\ObjStruct.h(335,14): warning C4305: '=': 'double'에서 'float'(으)로 잘립니다.
  (소스 파일 'TriAnimation_NO9.cpp'을(를) 컴파일하는 중)
  
E:\myGit\glproject\GLSL_Basic\GLSL_Basic\ObjStruct.h(335,31): warning C4305: '=': 'double'에서 'float'(으)로 잘립니다.
  (소스 파일 'TriAnimation_NO9.cpp'을(를) 컴파일하는 중)
  
E:\myGit\glproject\GLSL_Basic\GLSL_Basic\ObjStruct.h(335,48): warning C4305: '=': 'double'에서 'float'(으)로 잘립니다.
  (소스 파일 'TriAnimation_NO9.cpp'을(를) 컴파일하는 중)
  
E:\myGit\glproject\GLSL_Basic\GLSL_Basic\ObjStruct.h(339,15): warning C4305: '=': 'double'에서 'float'(으)로 잘립니다.
  (소스 파일 'TriAnimation_NO9.cpp'을(를) 컴파일하는 중)
  
E:\myGit\glproject\GLSL_Basic\GLSL_Basic\ObjStruct.h(349,1): warning C4305: '+=': 'double'에서 'GLfloat'(으)로 잘립니다.
  (소스 파일 'TriAnimation_NO9.cpp'을(를) 컴파일하는 중)
  
E:\myGit\glproject\GLSL_Basic\GLSL_Basic\ObjStruct.h(350,1): warning C4305: '-=': 'double'에서 'GLfloat'(으)로 잘립니다.
  (소스 파일 'TriAnimation_NO9.cpp'을(를) 컴파일하는 중)
  
E:\myGit\glproject\GLSL_Basic\GLSL_Basic\ObjStruct.h(352,1): warning C4305: '+=': 'double'에서 'GLfloat'(으)로 잘립니다.
  (소스 파일 'TriAnimation_NO9.cpp'을(를) 컴파일하는 중)
  
E:\myGit\glproject\GLSL_Basic\GLSL_Basic\ObjStruct.h(353,1): warning C4305: '+=': 'double'에서 'GLfloat'(으)로 잘립니다.
  (소스 파일 'TriAnimation_NO9.cpp'을(를) 컴파일하는 중)
  
E:\myGit\glproject\GLSL_Basic\GLSL_Basic\ObjStruct.h(354,1): warning C4305: '-=': 'double'에서 'GLfloat'(으)로 잘립니다.
  (소스 파일 'TriAnimation_NO9.cpp'을(를) 컴파일하는 중)
  
E:\myGit\glproject\GLSL_Basic\GLSL_Basic\ObjStruct.h(504,1): warning C4305: '+=': 'double'에서 'float'(으)로 잘립니다.
  (소스 파일 'TriAnimation_NO9.cpp'을(를) 컴파일하는 중)
  
E:\myGit\glproject\GLSL_Basic\GLSL_Basic\ObjStruct.h(507,1): warning C4305: '-=': 'double'에서 'float'(으)로 잘립니다.
  (소스 파일 'TriAnimation_NO9.cpp'을(를) 컴파일하는 중)
  
E:\myGit\glproject\GLSL_Basic\GLSL_Basic\ObjStruct.h(519,44): warning C4305: '=': 'double'에서 'float'(으)로 잘립니다.
  (소스 파일 'TriAnimation_NO9.cpp'을(를) 컴파일하는 중)
  
E:\myGit\glproject\GLSL_Basic\GLSL_Basic\ObjStruct.h(531,16): warning C4305: '=': 'double'에서 'float'(으)로 잘립니다.
  (소스 파일 'TriAnimation_NO9.cpp'을(를) 컴파일하는 중)
  
E:\myGit\glproject\GLSL_Basic\GLSL_Basic\ObjStruct.h(532,17): warning C4305: '=': 'double'에서 'float'(으)로 잘립니다.
  (소스 파일 'TriAnimation_NO9.cpp'을(를) 컴파일하는 중)
  
E:\myGit\glproject\GLSL_Basic\GLSL_Basic\ObjStruct.h(562,26): warning C4244: '=': 'double'에서 'float'(으)로 변환하면서 데이터가 손실될 수 있습니다.
  (소스 파일 'TriAnimation_NO9.cpp'을(를) 컴파일하는 중)
  
E:\myGit\glproject\GLSL_Basic\GLSL_Basic\ObjStruct.h(564,26): warning C4244: '=': 'double'에서 'float'(으)로 변환하면서 데이터가 손실될 수 있습니다.
  (소스 파일 'TriAnimation_NO9.cpp'을(를) 컴파일하는 중)
  
E:\myGit\glproject\GLSL_Basic\GLSL_Basic\TriAnimation_NO9.cpp(158,34): warning C4326: 'main'의 반환 형식이 'int'이어야 하는데 'void'입니다.
E:\myGit\glproject\GLSL_Basic\GLSL_Basic\TriAnimation_NO9.cpp(159,12): warning C4244: '인수': 'time_t'에서 'unsigned int'(으)로 변환하면서 데이터가 손실될 수 있습니다.
E:\myGit\glproject\GLSL_Basic\GLSL_Basic\TriAnimation_NO9.cpp(164,45): warning C4244: '인수': 'GLfloat'에서 'int'(으)로 변환하면서 데이터가 손실될 수 있습니다.
E:\myGit\glproject\GLSL_Basic\GLSL_Basic\TriAnimation_NO9.cpp(164,31): warning C4244: '인수': 'GLfloat'에서 'int'(으)로 변환하면서 데이터가 손실될 수 있습니다.
E:\myGit\glproject\GLSL_Basic\GLSL_Basic\TriAnimation_NO9.cpp(220,39): warning C4244: '인수': 'float'에서 'GLintptr'(으)로 변환하면서 데이터가 손실될 수 있습니다.
E:\myGit\glproject\GLSL_Basic\GLSL_Basic\TriAnimation_NO9.cpp(247,39): warning C4244: '인수': 'float'에서 'GLintptr'(으)로 변환하면서 데이터가 손실될 수 있습니다.
E:\myGit\glproject\GLSL_Basic\GLSL_Basic\TriAnimation_NO9.cpp(244,44): warning C4390: ';': 제어된 빈 문이 있습니다. 이 문이 필요합니까?
E:\myGit\glproject\GLSL_Basic\GLSL_Basic\TriAnimation_NO9.cpp(304,24): warning C4312: '형식 캐스트': 'int'에서 더 큰 'void *'(으)로의 변환입니다.
E:\myGit\glproject\GLSL_Basic\GLSL_Basic\TriAnimation_NO9.cpp(311,22): warning C4312: '형식 캐스트': 'int'에서 더 큰 'void *'(으)로의 변환입니다.
E:\myGit\glproject\GLSL_Basic\GLSL_Basic\TriAnimation_NO9.cpp(340,54): warning C4244: '=': 'float'에서 'int'(으)로 변환하면서 데이터가 손실될 수 있습니다.
E:\myGit\glproject\GLSL_Basic\GLSL_Basic\TriAnimation_NO9.cpp(346,12): warning C4305: '=': 'double'에서 'float'(으)로 잘립니다.
E:\myGit\glproject\GLSL_Basic\GLSL_Basic\TriAnimation_NO9.cpp(346,27): warning C4305: '=': 'double'에서 'float'(으)로 잘립니다.
E:\myGit\glproject\GLSL_Basic\GLSL_Basic\TriAnimation_NO9.cpp(348,56): warning C4244: '=': 'float'에서 'int'(으)로 변환하면서 데이터가 손실될 수 있습니다.
E:\myGit\glproject\GLSL_Basic\GLSL_Basic\TriAnimation_NO9.cpp(364,12): warning C4305: '=': 'double'에서 'float'(으)로 잘립니다.
E:\myGit\glproject\GLSL_Basic\GLSL_Basic\TriAnimation_NO9.cpp(366,56): warning C4244: '=': 'float'에서 'int'(으)로 변환하면서 데이터가 손실될 수 있습니다.
E:\myGit\glproject\GLSL_Basic\GLSL_Basic\TriAnimation_NO9.cpp(387,12): warning C4305: '=': 'double'에서 'float'(으)로 잘립니다.
E:\myGit\glproject\GLSL_Basic\GLSL_Basic\TriAnimation_NO9.cpp(387,28): warning C4305: '=': 'double'에서 'float'(으)로 잘립니다.
E:\myGit\glproject\GLSL_Basic\GLSL_Basic\TriAnimation_NO9.cpp(389,51): warning C4244: '=': 'float'에서 'int'(으)로 변환하면서 데이터가 손실될 수 있습니다.
E:\myGit\glproject\GLSL_Basic\GLSL_Basic\TriAnimation_NO9.cpp(406,51): warning C4244: '=': 'float'에서 'int'(으)로 변환하면서 데이터가 손실될 수 있습니다.
E:\myGit\glproject\GLSL_Basic\GLSL_Basic\TriAnimation_NO9.cpp(469,50): warning C4244: '인수': 'GLfloat'에서 'int'(으)로 변환하면서 데이터가 손실될 수 있습니다.
E:\myGit\glproject\GLSL_Basic\GLSL_Basic\TriAnimation_NO9.cpp(469,36): warning C4244: '인수': 'GLfloat'에서 'int'(으)로 변환하면서 데이터가 손실될 수 있습니다.
E:\myGit\glproject\GLSL_Basic\GLSL_Basic\GetShader.h(164): warning C4715: 'ChangeValidType': 모든 제어 경로에서 값을 반환하지는 않습니다.
E:\myGit\glproject\GLSL_Basic\GLSL_Basic\TriAnimation_NO9.cpp(97): warning C4715: 'GetMaxArray': 모든 제어 경로에서 값을 반환하지는 않습니다.
  GLSL_Basic.vcxproj -> E:\myGit\glproject\GLSL_Basic\x64\Debug\GLSL_Basic.exe
